<?xml version="1.0" encoding="UTF-8"?>
<!-- Generated by org.testng.reporters.JUnitReportReporter -->
<testsuite hostname="LAPTOP-KLVHPSFI" failures="0" tests="1" name="xmlParameterizationPractice.PracticeTestngparameters" time="0.016" errors="0" timestamp="2023-01-08T11:19:59 IST" skipped="0">
  <testcase classname="xmlParameterizationPractice.PracticeTestngparameters" name="demoTest" time="0.016"/>
  <system-out/>
</testsuite> <!-- xmlParameterizationPractice.PracticeTestngparameters -->
